\BOOKMARK [1][-]{section.1}{\376\377\000R\000e\000s\000u\000m\000e\000n\000\040\000E\000j\000e\000c\000u\000t\000i\000v\000o\000\040\000\050\000B\000r\000i\000e\000f\000\051}{}% 1
\BOOKMARK [1][-]{section.2}{\376\377\000A\000b\000s\000t\000r\000a\000c\000t}{}% 2
\BOOKMARK [1][-]{section.3}{\376\377\000I\000n\000t\000r\000o\000d\000u\000c\000c\000i\000\363\000n}{}% 3
\BOOKMARK [2][-]{subsection.3.1}{\376\377\000F\000o\000r\000m\000u\000l\000a\000c\000i\000\363\000n\000\040\000d\000e\000l\000\040\000p\000r\000o\000b\000l\000e\000m\000a}{section.3}% 4
\BOOKMARK [2][-]{subsection.3.2}{\376\377\000M\000a\000r\000c\000o\000\040\000c\000o\000n\000c\000e\000p\000t\000u\000a\000l}{section.3}% 5
\BOOKMARK [2][-]{subsection.3.3}{\376\377\000A\000n\000t\000e\000c\000e\000d\000e\000n\000t\000e\000s}{section.3}% 6
\BOOKMARK [2][-]{subsection.3.4}{\376\377\000O\000b\000j\000e\000t\000i\000v\000o}{section.3}% 7
\BOOKMARK [1][-]{section.4}{\376\377\000D\000a\000t\000o\000s\000\040\000e\000m\000p\000l\000e\000a\000d\000o\000s}{}% 8
\BOOKMARK [2][-]{subsection.4.1}{\376\377\000F\000u\000e\000n\000t\000e\000s\000\040\000d\000e\000\040\000d\000a\000t\000o\000s}{section.4}% 9
\BOOKMARK [2][-]{subsection.4.2}{\376\377\000C\000o\000n\000t\000e\000n\000i\000d\000o\000\040\000y\000\040\000v\000a\000r\000i\000a\000b\000l\000e\000s}{section.4}% 10
\BOOKMARK [1][-]{section.5}{\376\377\000M\000a\000t\000e\000r\000i\000a\000l\000e\000s\000\040\000y\000\040\000M\000\351\000t\000o\000d\000o\000s}{}% 11
\BOOKMARK [2][-]{subsection.5.1}{\376\377\000P\000i\000p\000e\000l\000i\000n\000e\000\040\000E\000T\000L}{section.5}% 12
\BOOKMARK [2][-]{subsection.5.2}{\376\377\000A\000n\000\341\000l\000i\000s\000i\000s\000\040\000E\000x\000p\000l\000o\000r\000a\000t\000o\000r\000i\000o\000\040\000\050\000E\000D\000A\000\051}{section.5}% 13
\BOOKMARK [2][-]{subsection.5.3}{\376\377\000M\000o\000d\000e\000l\000a\000d\000o}{section.5}% 14
\BOOKMARK [1][-]{section.6}{\376\377\000R\000e\000s\000u\000l\000t\000a\000d\000o\000s}{}% 15
\BOOKMARK [1][-]{section.7}{\376\377\000D\000i\000s\000c\000u\000s\000i\000\363\000n\000\040\000y\000\040\000C\000o\000n\000c\000l\000u\000s\000i\000o\000n\000e\000s}{}% 16
\BOOKMARK [2][-]{subsection.7.1}{\376\377\000D\000i\000s\000c\000u\000s\000i\000\363\000n}{section.7}% 17
\BOOKMARK [2][-]{subsection.7.2}{\376\377\000C\000o\000n\000c\000l\000u\000s\000i\000o\000n\000e\000s}{section.7}% 18
\BOOKMARK [1][-]{section.8}{\376\377\000B\000i\000b\000l\000i\000o\000g\000r\000a\000f\000\355\000a}{}% 19
\BOOKMARK [1][-]{section.9}{\376\377\000A\000n\000e\000x\000o\000s}{}% 20
\BOOKMARK [2][-]{subsection.9.1}{\376\377\000C\000\363\000d\000i\000g\000o\000\040\000F\000u\000e\000n\000t\000e}{section.9}% 21
\BOOKMARK [2][-]{subsection.9.2}{\376\377\000D\000a\000t\000o\000s\000\040\000e\000m\000p\000l\000e\000a\000d\000o\000s}{section.9}% 22
